0 info it worked if it ends with ok
1 verbose cli [ '/usr/local/bin/node', '/usr/local/bin/npm', 'run', 'build' ]
2 info using npm@3.10.8
3 info using node@v6.9.1
4 verbose run-script [ 'prebuild', 'build', 'postbuild' ]
5 info lifecycle evista-starter-theme-sass@6.0.0~prebuild: evista-starter-theme-sass@6.0.0
6 silly lifecycle evista-starter-theme-sass@6.0.0~prebuild: no script for prebuild, continuing
7 info lifecycle evista-starter-theme-sass@6.0.0~build: evista-starter-theme-sass@6.0.0
8 verbose lifecycle evista-starter-theme-sass@6.0.0~build: unsafe-perm in lifecycle true
9 verbose lifecycle evista-starter-theme-sass@6.0.0~build: PATH: /usr/local/lib/node_modules/npm/bin/node-gyp-bin:/Volumes/Transcend/Code/evista-starter-theme-sass/node_modules/.bin:/Users/balint/work/bin:/opt/java/apache-maven-3.3.9/bin/:/Users/balint/.rvm/gems/ruby-2.2.1/bin:/Users/balint/.rvm/gems/ruby-2.2.1@global/bin:/Users/balint/.rvm/rubies/ruby-2.2.1/bin:/Users/balint/.composer/vendor/bin/:/usr/local/lib/node_modules/bin:/usr/local/bin:/usr/local/bin:/usr/bin:/bin:/usr/sbin:/sbin:/usr/local/go/bin:/Users/balint/.rvm/bin
10 verbose lifecycle evista-starter-theme-sass@6.0.0~build: CWD: /Volumes/Transcend/Code/evista-starter-theme-sass
11 silly lifecycle evista-starter-theme-sass@6.0.0~build: Args: [ '-c',
11 silly lifecycle   'npm rebuild node-sass && node node_modules/webpack/bin/webpack.js --optimize-minimize --config webpack.production.config.js' ]
12 silly lifecycle evista-starter-theme-sass@6.0.0~build: Returned: code: 1  signal: null
13 info lifecycle evista-starter-theme-sass@6.0.0~build: Failed to exec build script
14 verbose stack Error: evista-starter-theme-sass@6.0.0 build: `npm rebuild node-sass && node node_modules/webpack/bin/webpack.js --optimize-minimize --config webpack.production.config.js`
14 verbose stack Exit status 1
14 verbose stack     at EventEmitter.<anonymous> (/usr/local/lib/node_modules/npm/lib/utils/lifecycle.js:255:16)
14 verbose stack     at emitTwo (events.js:106:13)
14 verbose stack     at EventEmitter.emit (events.js:191:7)
14 verbose stack     at ChildProcess.<anonymous> (/usr/local/lib/node_modules/npm/lib/utils/spawn.js:40:14)
14 verbose stack     at emitTwo (events.js:106:13)
14 verbose stack     at ChildProcess.emit (events.js:191:7)
14 verbose stack     at maybeClose (internal/child_process.js:877:16)
14 verbose stack     at Process.ChildProcess._handle.onexit (internal/child_process.js:226:5)
15 verbose pkgid evista-starter-theme-sass@6.0.0
16 verbose cwd /Volumes/Transcend/Code/evista-starter-theme-sass
17 error Darwin 16.4.0
18 error argv "/usr/local/bin/node" "/usr/local/bin/npm" "run" "build"
19 error node v6.9.1
20 error npm  v3.10.8
21 error code ELIFECYCLE
22 error evista-starter-theme-sass@6.0.0 build: `npm rebuild node-sass && node node_modules/webpack/bin/webpack.js --optimize-minimize --config webpack.production.config.js`
22 error Exit status 1
23 error Failed at the evista-starter-theme-sass@6.0.0 build script 'npm rebuild node-sass && node node_modules/webpack/bin/webpack.js --optimize-minimize --config webpack.production.config.js'.
23 error Make sure you have the latest version of node.js and npm installed.
23 error If you do, this is most likely a problem with the evista-starter-theme-sass package,
23 error not with npm itself.
23 error Tell the author that this fails on your system:
23 error     npm rebuild node-sass && node node_modules/webpack/bin/webpack.js --optimize-minimize --config webpack.production.config.js
23 error You can get information on how to open an issue for this project with:
23 error     npm bugs evista-starter-theme-sass
23 error Or if that isn't available, you can get their info via:
23 error     npm owner ls evista-starter-theme-sass
23 error There is likely additional logging output above.
24 verbose exit [ 1, true ]
